<?xml version="1.0" encoding="UTF-8"?>
<testng-results ignored="0" total="0" passed="0" failed="0" skipped="0">
  <reporter-output>
  </reporter-output>
  <suite started-at="2021-04-16T21:16:46 IST" name="Default suite" finished-at="2021-04-16T21:16:46 IST" duration-ms="255">
    <groups>
      <group name="cucumber">
        <method signature="AbstractTestNGCucumberTests.runScenario(io.cucumber.testng.PickleWrapper, io.cucumber.testng.FeatureWrapper)[pri:0, instance:Runnner.testRunner@7690781]" name="runScenario" class="io.cucumber.testng.AbstractTestNGCucumberTests"/>
      </group> <!-- cucumber -->
    </groups>
    <test started-at="2021-04-16T21:16:46 IST" name="Default test" finished-at="2021-04-16T21:16:46 IST" duration-ms="255">
      <class name="Runnner.testRunner">
        <test-method is-config="true" signature="setUpClass()[pri:0, instance:Runnner.testRunner@7690781]" started-at="2021-04-16T21:16:46 IST" name="setUpClass" finished-at="2021-04-16T21:16:46 IST" duration-ms="217" status="PASS">
          <reporter-output>
          </reporter-output>
        </test-method> <!-- setUpClass -->
        <test-method is-config="true" signature="tearDownClass()[pri:0, instance:Runnner.testRunner@7690781]" started-at="2021-04-16T21:16:46 IST" name="tearDownClass" finished-at="2021-04-16T21:16:46 IST" duration-ms="5" status="PASS">
          <reporter-output>
          </reporter-output>
        </test-method> <!-- tearDownClass -->
      </class> <!-- Runnner.testRunner -->
    </test> <!-- Default test -->
  </suite> <!-- Default suite -->
</testng-results>
